<?xml version="1.0" encoding="UTF-8" ?>
<testsuite tests="209" failures="0" name="com.livetraffic.app.tests.MasterTest" time="0.103" errors="4" skipped="7">
  <properties>
[...]
</properties>
  <testcase classname="| Tim | Lan | Singapore | PA 123 | 89089011 | 27-08-2010 | giitanjalim@gmail.com | test1239 | test1239 |" name="Given user navigates to application URL : &quot;http://www.mapsynq.com&quot; application" time="0.016"/>
  <testcase classname="| Tim | Lan | Singapore | PA 123 | 89089011 | 27-08-2010 | giitanjalim@gmail.com | test1239 | test1239 |" name="Then I am on mapSYNQ Landing Page" time="0"/>
  <testcase classname="| Tim | Lan | Singapore | PA 123 | 89089011 | 27-08-2010 | giitanjalim@gmail.com | test1239 | test1239 |" name="When I click on &quot;Register&quot; link on Top Menu Bar" time="0"/>
  <testcase classname="| Tim | Lan | Singapore | PA 123 | 89089011 | 27-08-2010 | giitanjalim@gmail.com | test1239 | test1239 |" name="Then I navigate to mapSYNQ User Profile page" time="0"/>
  <testcase classname="| Tim | Lan | Singapore | PA 123 | 89089011 | 27-08-2010 | giitanjalim@gmail.com | test1239 | test1239 |" name="And I enter &quot;Tim&quot; in &quot;profile[first_name]&quot; Field textBox" time="0"/>
  <testcase classname="| Tim | Lan | Singapore | PA 123 | 89089011 | 27-08-2010 | giitanjalim@gmail.com | test1239 | test1239 |" name="And I enter &quot;Lan&quot; in &quot;profile[last_name]&quot; Field textBox" time="0"/>
  <testcase classname="| Tim | Lan | Singapore | PA 123 | 89089011 | 27-08-2010 | giitanjalim@gmail.com | test1239 | test1239 |" name="And I select &quot;Singapore&quot; from Country Field dropdown" time="0"/>
  <testcase classname="| Tim | Lan | Singapore | PA 123 | 89089011 | 27-08-2010 | giitanjalim@gmail.com | test1239 | test1239 |" name="And I enter &quot;PA 123&quot; in &quot;profile[address]&quot; Field textBox" time="0"/>
  <testcase classname="| Tim | Lan | Singapore | PA 123 | 89089011 | 27-08-2010 | giitanjalim@gmail.com | test1239 | test1239 |" name="And I enter &quot;89089011&quot; in &quot;profile[contact_no]&quot; Field textBox" time="0"/>
  <testcase classname="| Tim | Lan | Singapore | PA 123 | 89089011 | 27-08-2010 | giitanjalim@gmail.com | test1239 | test1239 |" name="And I set value for Gender radiobutton" time="0"/>
  <testcase classname="| Tim | Lan | Singapore | PA 123 | 89089011 | 27-08-2010 | giitanjalim@gmail.com | test1239 | test1239 |" name="And I set &quot;27-08-2010&quot; in DateOfBirth Field textBox" time="0"/>
  <testcase classname="| Tim | Lan | Singapore | PA 123 | 89089011 | 27-08-2010 | giitanjalim@gmail.com | test1239 | test1239 |" name="And I enter &quot;giitanjalim@gmail.com&quot; in &quot;profile[email]&quot; Field textBox" time="0"/>
  <testcase classname="| Tim | Lan | Singapore | PA 123 | 89089011 | 27-08-2010 | giitanjalim@gmail.com | test1239 | test1239 |" name="And I enter &quot;test1239&quot; in &quot;identity[password]&quot; Field textBox" time="0"/>
  <testcase classname="| Tim | Lan | Singapore | PA 123 | 89089011 | 27-08-2010 | giitanjalim@gmail.com | test1239 | test1239 |" name="And I enter &quot;test1239&quot; in &quot;identity[password_confirmation]&quot; Field textBox" time="0"/>
  <testcase classname="| Tim | Lan | Singapore | PA 123 | 89089011 | 27-08-2010 | giitanjalim@gmail.com | test1239 | test1239 |" name="And I set check value for I agree to terms and conditions checkbox" time="0"/>
  <testcase classname="| Tim | Lan | Singapore | PA 123 | 89089011 | 27-08-2010 | giitanjalim@gmail.com | test1239 | test1239 |" name="And I click on Create button" time="0"/>
  <testcase classname="| Tim | Lan | Singapore | PA 123 | 89089011 | 27-08-2010 | giitanjalim@gmail.com | test1239 | test1239 |" name="Then I verify new mapSYNQ account successfully created" time="0.015">
    <error message="no such element: Unable to locate element: {&quot;method&quot;:&quot;xpath&quot;,&quot;selector&quot;:&quot;//*[@id=&apos;div_header&apos;]/div/div/a[contains(text(),&apos;Register&apos;)]&quot;}
  (Session info: chrome=80.0.3987.122)
For documentation on this error, please visit: https://www.seleniumhq.org/exceptions/no_such_element.html
Build info: version: &apos;3.141.59&apos;, revision: &apos;e82be7d358&apos;, time: &apos;2018-11-14T08:17:03&apos;
System info: host: &apos;DESKTOP-FBHI1RA&apos;, ip: &apos;192.168.1.87&apos;, os.name: &apos;Windows 8.1&apos;, os.arch: &apos;amd64&apos;, os.version: &apos;6.3&apos;, java.version: &apos;1.8.0_05&apos;
Driver info: org.openqa.selenium.chrome.ChromeDriver
Capabilities {acceptInsecureCerts: false, browserName: chrome, browserVersion: 80.0.3987.122, chrome: {chromedriverVersion: 80.0.3987.106 (f68069574609..., userDataDir: C:\Users\ASUS\AppData\Local...}, goog:chromeOptions: {debuggerAddress: localhost:65005}, javascriptEnabled: true, networkConnectionEnabled: false, pageLoadStrategy: normal, platform: WINDOWS, platformName: WINDOWS, proxy: Proxy(), setWindowRect: true, strictFileInteractability: false, timeouts: {implicit: 0, pageLoad: 300000, script: 30000}, unhandledPromptBehavior: dismiss and notify}
Session ID: 66d3810a2545c784e2d7d1ceff8162e0
*** Element info: {Using=xpath, value=//*[@id=&apos;div_header&apos;]/div/div/a[contains(text(),&apos;Register&apos;)]}" type="org.openqa.selenium.NoSuchElementException">org.openqa.selenium.NoSuchElementException: no such element: Unable to locate element: {&quot;method&quot;:&quot;xpath&quot;,&quot;selector&quot;:&quot;//*[@id=&apos;div_header&apos;]/div/div/a[contains(text(),&apos;Register&apos;)]&quot;}
  (Session info: chrome=80.0.3987.122)
For documentation on this error, please visit: https://www.seleniumhq.org/exceptions/no_such_element.html
Build info: version: &apos;3.141.59&apos;, revision: &apos;e82be7d358&apos;, time: &apos;2018-11-14T08:17:03&apos;
System info: host: &apos;DESKTOP-FBHI1RA&apos;, ip: &apos;192.168.1.87&apos;, os.name: &apos;Windows 8.1&apos;, os.arch: &apos;amd64&apos;, os.version: &apos;6.3&apos;, java.version: &apos;1.8.0_05&apos;
Driver info: org.openqa.selenium.chrome.ChromeDriver
Capabilities {acceptInsecureCerts: false, browserName: chrome, browserVersion: 80.0.3987.122, chrome: {chromedriverVersion: 80.0.3987.106 (f68069574609..., userDataDir: C:\Users\ASUS\AppData\Local...}, goog:chromeOptions: {debuggerAddress: localhost:65005}, javascriptEnabled: true, networkConnectionEnabled: false, pageLoadStrategy: normal, platform: WINDOWS, platformName: WINDOWS, proxy: Proxy(), setWindowRect: true, strictFileInteractability: false, timeouts: {implicit: 0, pageLoad: 300000, script: 30000}, unhandledPromptBehavior: dismiss and notify}
Session ID: 66d3810a2545c784e2d7d1ceff8162e0
*** Element info: {Using=xpath, value=//*[@id=&apos;div_header&apos;]/div/div/a[contains(text(),&apos;Register&apos;)]}
	at sun.reflect.NativeConstructorAccessorImpl.newInstance0(Native Method)
	at sun.reflect.NativeConstructorAccessorImpl.newInstance(NativeConstructorAccessorImpl.java:62)
	at sun.reflect.DelegatingConstructorAccessorImpl.newInstance(DelegatingConstructorAccessorImpl.java:45)
	at java.lang.reflect.Constructor.newInstance(Constructor.java:408)
	at org.openqa.selenium.remote.http.W3CHttpResponseCodec.createException(W3CHttpResponseCodec.java:187)
	at org.openqa.selenium.remote.http.W3CHttpResponseCodec.decode(W3CHttpResponseCodec.java:122)
	at org.openqa.selenium.remote.http.W3CHttpResponseCodec.decode(W3CHttpResponseCodec.java:49)
	at org.openqa.selenium.remote.HttpCommandExecutor.execute(HttpCommandExecutor.java:158)
	at org.openqa.selenium.remote.service.DriverCommandExecutor.execute(DriverCommandExecutor.java:83)
	at org.openqa.selenium.remote.RemoteWebDriver.execute(RemoteWebDriver.java:552)
	at org.openqa.selenium.remote.RemoteWebDriver.findElement(RemoteWebDriver.java:323)
	at org.openqa.selenium.remote.RemoteWebDriver.findElementByXPath(RemoteWebDriver.java:428)
	at org.openqa.selenium.By$ByXPath.findElement(By.java:353)
	at org.openqa.selenium.remote.RemoteWebDriver.findElement(RemoteWebDriver.java:315)
	at org.openqa.selenium.support.pagefactory.DefaultElementLocator.findElement(DefaultElementLocator.java:69)
	at org.openqa.selenium.support.pagefactory.internal.LocatingElementHandler.invoke(LocatingElementHandler.java:38)
	at com.sun.proxy.$Proxy20.click(Unknown Source)
	at com.livetraffic.app.page.functions.MapSYNQCreateNewAccountPageObject.newUserCreation(MapSYNQCreateNewAccountPageObject.java:135)
	at com.livetraffic.app.stepdefinition.MapSYNQCreateNewAccountStep.iVerifyNewMapSYNQAccountSuccessfullyCreated(MapSYNQCreateNewAccountStep.java:67)
	at ✽.Then I verify new mapSYNQ account successfully created(feature_files_list/mapSYNQCreateNewAccount.feature:23)
</error>
  </testcase>
  <testcase classname="| Tim | Lan | Singapore | PA 123 | 89089011 | 27-08-2010 | giitanjalim@gmail.com | test1239 | test1239 |" name="| Tim | Lan | Singapore | PA 123 | 89089011 | 27-08-2010 | giitanjalim@gmail.com | test1239 | test1239 |" time="0.015">
    <error message="no such element: Unable to locate element: {&quot;method&quot;:&quot;xpath&quot;,&quot;selector&quot;:&quot;//*[@id=&apos;div_header&apos;]/div/div/a[contains(text(),&apos;Register&apos;)]&quot;}
  (Session info: chrome=80.0.3987.122)
For documentation on this error, please visit: https://www.seleniumhq.org/exceptions/no_such_element.html
Build info: version: &apos;3.141.59&apos;, revision: &apos;e82be7d358&apos;, time: &apos;2018-11-14T08:17:03&apos;
System info: host: &apos;DESKTOP-FBHI1RA&apos;, ip: &apos;192.168.1.87&apos;, os.name: &apos;Windows 8.1&apos;, os.arch: &apos;amd64&apos;, os.version: &apos;6.3&apos;, java.version: &apos;1.8.0_05&apos;
Driver info: org.openqa.selenium.chrome.ChromeDriver
Capabilities {acceptInsecureCerts: false, browserName: chrome, browserVersion: 80.0.3987.122, chrome: {chromedriverVersion: 80.0.3987.106 (f68069574609..., userDataDir: C:\Users\ASUS\AppData\Local...}, goog:chromeOptions: {debuggerAddress: localhost:65005}, javascriptEnabled: true, networkConnectionEnabled: false, pageLoadStrategy: normal, platform: WINDOWS, platformName: WINDOWS, proxy: Proxy(), setWindowRect: true, strictFileInteractability: false, timeouts: {implicit: 0, pageLoad: 300000, script: 30000}, unhandledPromptBehavior: dismiss and notify}
Session ID: 66d3810a2545c784e2d7d1ceff8162e0
*** Element info: {Using=xpath, value=//*[@id=&apos;div_header&apos;]/div/div/a[contains(text(),&apos;Register&apos;)]}" type="org.openqa.selenium.NoSuchElementException">org.openqa.selenium.NoSuchElementException: no such element: Unable to locate element: {&quot;method&quot;:&quot;xpath&quot;,&quot;selector&quot;:&quot;//*[@id=&apos;div_header&apos;]/div/div/a[contains(text(),&apos;Register&apos;)]&quot;}
  (Session info: chrome=80.0.3987.122)
For documentation on this error, please visit: https://www.seleniumhq.org/exceptions/no_such_element.html
Build info: version: &apos;3.141.59&apos;, revision: &apos;e82be7d358&apos;, time: &apos;2018-11-14T08:17:03&apos;
System info: host: &apos;DESKTOP-FBHI1RA&apos;, ip: &apos;192.168.1.87&apos;, os.name: &apos;Windows 8.1&apos;, os.arch: &apos;amd64&apos;, os.version: &apos;6.3&apos;, java.version: &apos;1.8.0_05&apos;
Driver info: org.openqa.selenium.chrome.ChromeDriver
Capabilities {acceptInsecureCerts: false, browserName: chrome, browserVersion: 80.0.3987.122, chrome: {chromedriverVersion: 80.0.3987.106 (f68069574609..., userDataDir: C:\Users\ASUS\AppData\Local...}, goog:chromeOptions: {debuggerAddress: localhost:65005}, javascriptEnabled: true, networkConnectionEnabled: false, pageLoadStrategy: normal, platform: WINDOWS, platformName: WINDOWS, proxy: Proxy(), setWindowRect: true, strictFileInteractability: false, timeouts: {implicit: 0, pageLoad: 300000, script: 30000}, unhandledPromptBehavior: dismiss and notify}
Session ID: 66d3810a2545c784e2d7d1ceff8162e0
*** Element info: {Using=xpath, value=//*[@id=&apos;div_header&apos;]/div/div/a[contains(text(),&apos;Register&apos;)]}
	at sun.reflect.NativeConstructorAccessorImpl.newInstance0(Native Method)
	at sun.reflect.NativeConstructorAccessorImpl.newInstance(NativeConstructorAccessorImpl.java:62)
	at sun.reflect.DelegatingConstructorAccessorImpl.newInstance(DelegatingConstructorAccessorImpl.java:45)
	at java.lang.reflect.Constructor.newInstance(Constructor.java:408)
	at org.openqa.selenium.remote.http.W3CHttpResponseCodec.createException(W3CHttpResponseCodec.java:187)
	at org.openqa.selenium.remote.http.W3CHttpResponseCodec.decode(W3CHttpResponseCodec.java:122)
	at org.openqa.selenium.remote.http.W3CHttpResponseCodec.decode(W3CHttpResponseCodec.java:49)
	at org.openqa.selenium.remote.HttpCommandExecutor.execute(HttpCommandExecutor.java:158)
	at org.openqa.selenium.remote.service.DriverCommandExecutor.execute(DriverCommandExecutor.java:83)
	at org.openqa.selenium.remote.RemoteWebDriver.execute(RemoteWebDriver.java:552)
	at org.openqa.selenium.remote.RemoteWebDriver.findElement(RemoteWebDriver.java:323)
	at org.openqa.selenium.remote.RemoteWebDriver.findElementByXPath(RemoteWebDriver.java:428)
	at org.openqa.selenium.By$ByXPath.findElement(By.java:353)
	at org.openqa.selenium.remote.RemoteWebDriver.findElement(RemoteWebDriver.java:315)
	at org.openqa.selenium.support.pagefactory.DefaultElementLocator.findElement(DefaultElementLocator.java:69)
	at org.openqa.selenium.support.pagefactory.internal.LocatingElementHandler.invoke(LocatingElementHandler.java:38)
	at com.sun.proxy.$Proxy20.click(Unknown Source)
	at com.livetraffic.app.page.functions.MapSYNQCreateNewAccountPageObject.newUserCreation(MapSYNQCreateNewAccountPageObject.java:135)
	at com.livetraffic.app.stepdefinition.MapSYNQCreateNewAccountStep.iVerifyNewMapSYNQAccountSuccessfullyCreated(MapSYNQCreateNewAccountStep.java:67)
	at ✽.Then I verify new mapSYNQ account successfully created(feature_files_list/mapSYNQCreateNewAccount.feature:23)
</error>
  </testcase>
  <testcase classname="| Tim | Lan | Singapore | PA 123 | 89089011 | 27-08-2010 | giitanjalim@gmail.com | test1239 | test1239 |" name="Then I close browser" time="0.015">
    <skipped/>
  </testcase>
  <testcase classname="Scenario: Verification of General Components of Map feature [TS_VerifyMapFeature_GeneralComponents_1.0]" name="Given user navigates to application URL : &quot;http://www.mapsynq.com&quot; application" time="0"/>
  <testcase classname="Scenario: Verification of General Components of Map feature [TS_VerifyMapFeature_GeneralComponents_1.0]" name="Then I am on mapSYNQ Landing Page" time="0"/>
  <testcase classname="Scenario: Verification of General Components of Map feature [TS_VerifyMapFeature_GeneralComponents_1.0]" name="When I click on Ad Toggle icon" time="0.004"/>
  <testcase classname="Scenario: Verification of General Components of Map feature [TS_VerifyMapFeature_GeneralComponents_1.0]" name="Then I verify Galactio Ad info should not be displayed" time="0"/>
  <testcase classname="Scenario: Verification of General Components of Map feature [TS_VerifyMapFeature_GeneralComponents_1.0]" name="Then I verify Map should be loaded on page with Incidents selected Default" time="0"/>
  <testcase classname="Scenario: Verification of General Components of Map feature [TS_VerifyMapFeature_GeneralComponents_1.0]" name="Then I verify Direction icon on Map" time="0"/>
  <testcase classname="Scenario: Verification of General Components of Map feature [TS_VerifyMapFeature_GeneralComponents_1.0]" name="When I click on &quot;North&quot; Icon" time="0"/>
  <testcase classname="Scenario: Verification of General Components of Map feature [TS_VerifyMapFeature_GeneralComponents_1.0]" name="Then I verify maps should move according to direction" time="0"/>
  <testcase classname="Scenario: Verification of General Components of Map feature [TS_VerifyMapFeature_GeneralComponents_1.0]" name="When I click on &quot;South&quot; Icon" time="0"/>
  <testcase classname="Scenario: Verification of General Components of Map feature [TS_VerifyMapFeature_GeneralComponents_1.0]" name="Then I verify maps should move according to direction" time="0"/>
  <testcase classname="Scenario: Verification of General Components of Map feature [TS_VerifyMapFeature_GeneralComponents_1.0]" name="When I click on &quot;East&quot; Icon" time="0"/>
  <testcase classname="Scenario: Verification of General Components of Map feature [TS_VerifyMapFeature_GeneralComponents_1.0]" name="Then I verify maps should move according to direction" time="0"/>
  <testcase classname="Scenario: Verification of General Components of Map feature [TS_VerifyMapFeature_GeneralComponents_1.0]" name="When I click on &quot;West&quot; Icon" time="0"/>
  <testcase classname="Scenario: Verification of General Components of Map feature [TS_VerifyMapFeature_GeneralComponents_1.0]" name="Then I verify maps should move according to direction" time="0.004"/>
  <testcase classname="Scenario: Verification of General Components of Map feature [TS_VerifyMapFeature_GeneralComponents_1.0]" name="Then I verify Zoom Bar icon on Map" time="0"/>
  <testcase classname="Scenario: Verification of General Components of Map feature [TS_VerifyMapFeature_GeneralComponents_1.0]" name="When I click on &quot;Plus&quot; Icon" time="0"/>
  <testcase classname="Scenario: Verification of General Components of Map feature [TS_VerifyMapFeature_GeneralComponents_1.0]" name="When I click on &quot;Minus&quot; Icon" time="0"/>
  <testcase classname="Scenario: Verification of General Components of Map feature [TS_VerifyMapFeature_GeneralComponents_1.0]" name="Then I verify Drag icon on Zoom Bar" time="0"/>
  <testcase classname="Scenario: Verification of General Components of Map feature [TS_VerifyMapFeature_GeneralComponents_1.0]" name="When I click on &quot;Legend&quot; Icon" time="0"/>
  <testcase classname="Scenario: Verification of General Components of Map feature [TS_VerifyMapFeature_GeneralComponents_1.0]" name="Then I verify Legend Poup up should be displayed" time="0"/>
  <testcase classname="Scenario: Verification of General Components of Map feature [TS_VerifyMapFeature_GeneralComponents_1.0]" name="When I click on &quot;Calendar&quot; Icon" time="0"/>
  <testcase classname="Scenario: Verification of General Components of Map feature [TS_VerifyMapFeature_GeneralComponents_1.0]" name="Then I verify Calendar Poup up should be displayed" time="0"/>
  <testcase classname="Scenario: Verification of General Components of Map feature [TS_VerifyMapFeature_GeneralComponents_1.0]" name="When I click on SP Toggle icon" time="0"/>
  <testcase classname="Scenario: Verification of General Components of Map feature [TS_VerifyMapFeature_GeneralComponents_1.0]" name="Then I verify Left Navigation Panel should not be displayed" time="0"/>
  <testcase classname="Scenario: Verification of General Components of Map feature [TS_VerifyMapFeature_GeneralComponents_1.0]" name="Then I close browser" time="0"/>
  <testcase classname="Scenario: Verification of General Components of Map feature [TS_VerifyMapFeature_GeneralComponents_1.0]" name="Scenario: Verification of General Components of Map feature [TS_VerifyMapFeature_GeneralComponents_1.0]" time="0.008"/>
  <testcase classname="Scenario: Verification of Camera feature in Traffic Map App[TS_VerifyMapFeature_CameraFeature_1.1]" name="Given user navigates to application URL : &quot;http://www.mapsynq.com&quot; application" time="0"/>
  <testcase classname="Scenario: Verification of Camera feature in Traffic Map App[TS_VerifyMapFeature_CameraFeature_1.1]" name="Given I am on mapSYNQ Landing Page" time="0"/>
  <testcase classname="Scenario: Verification of Camera feature in Traffic Map App[TS_VerifyMapFeature_CameraFeature_1.1]" name="When I click on Ad Toggle icon" time="0.004"/>
  <testcase classname="Scenario: Verification of Camera feature in Traffic Map App[TS_VerifyMapFeature_CameraFeature_1.1]" name="Then I verify Galactio Ad info should not be displayed" time="0"/>
  <testcase classname="Scenario: Verification of Camera feature in Traffic Map App[TS_VerifyMapFeature_CameraFeature_1.1]" name="Then I verify Map should be loaded on page with Incidents selected Default" time="0"/>
  <testcase classname="Scenario: Verification of Camera feature in Traffic Map App[TS_VerifyMapFeature_CameraFeature_1.1]" name="Then I click on &quot;Incidents&quot; icon button on Map app" time="0"/>
  <testcase classname="Scenario: Verification of Camera feature in Traffic Map App[TS_VerifyMapFeature_CameraFeature_1.1]" name="When I click the &quot;Cameras&quot; icon button on Map app" time="0"/>
  <testcase classname="Scenario: Verification of Camera feature in Traffic Map App[TS_VerifyMapFeature_CameraFeature_1.1]" name="Then I verify camera icons should be loaded in map" time="0"/>
  <testcase classname="Scenario: Verification of Camera feature in Traffic Map App[TS_VerifyMapFeature_CameraFeature_1.1]" name="Then I click on the &quot;Cameras&quot; icon image on Map app" time="0"/>
  <testcase classname="Scenario: Verification of Camera feature in Traffic Map App[TS_VerifyMapFeature_CameraFeature_1.1]" name="Then I verify Camera Pop up should be displayed on Map" time="0"/>
  <testcase classname="Scenario: Verification of Camera feature in Traffic Map App[TS_VerifyMapFeature_CameraFeature_1.1]" name="Then I close browser" time="0"/>
  <testcase classname="Scenario: Verification of Camera feature in Traffic Map App[TS_VerifyMapFeature_CameraFeature_1.1]" name="Scenario: Verification of Camera feature in Traffic Map App[TS_VerifyMapFeature_CameraFeature_1.1]" time="0"/>
  <testcase classname="Scenario: Verification of Camera button on the Info Panel[TS_VerifyMapFeature_CameraFeatureInfoPanel_1.2]" name="Given user navigates to application URL : &quot;http://www.mapsynq.com&quot; application" time="0"/>
  <testcase classname="Scenario: Verification of Camera button on the Info Panel[TS_VerifyMapFeature_CameraFeatureInfoPanel_1.2]" name="Given I am on mapSYNQ Landing Page" time="0"/>
  <testcase classname="Scenario: Verification of Camera button on the Info Panel[TS_VerifyMapFeature_CameraFeatureInfoPanel_1.2]" name="When I click on Ad Toggle icon" time="0"/>
  <testcase classname="Scenario: Verification of Camera button on the Info Panel[TS_VerifyMapFeature_CameraFeatureInfoPanel_1.2]" name="Then I verify Galactio Ad info should not be displayed" time="0"/>
  <testcase classname="Scenario: Verification of Camera button on the Info Panel[TS_VerifyMapFeature_CameraFeatureInfoPanel_1.2]" name="Then I verify Map should be loaded on page with Incidents selected Default" time="0"/>
  <testcase classname="Scenario: Verification of Camera button on the Info Panel[TS_VerifyMapFeature_CameraFeatureInfoPanel_1.2]" name="Then I click on &quot;Incidents&quot; icon button on Map app" time="0"/>
  <testcase classname="Scenario: Verification of Camera button on the Info Panel[TS_VerifyMapFeature_CameraFeatureInfoPanel_1.2]" name="When I click on the &quot;Cameras&quot; icon button on Info Panel" time="0"/>
  <testcase classname="Scenario: Verification of Camera button on the Info Panel[TS_VerifyMapFeature_CameraFeatureInfoPanel_1.2]" name="Then I verify Singapore Live Traffic Cameras should be displayed" time="0"/>
  <testcase classname="Scenario: Verification of Camera button on the Info Panel[TS_VerifyMapFeature_CameraFeatureInfoPanel_1.2]" name="When I click on &quot;CameraLinks&quot; link in Info Panel" time="0"/>
  <testcase classname="Scenario: Verification of Camera button on the Info Panel[TS_VerifyMapFeature_CameraFeatureInfoPanel_1.2]" name="Then I verify Camera Pop up should be displayed on Map" time="0"/>
  <testcase classname="Scenario: Verification of Camera button on the Info Panel[TS_VerifyMapFeature_CameraFeatureInfoPanel_1.2]" name="Then I close browser" time="0"/>
  <testcase classname="Scenario: Verification of Camera button on the Info Panel[TS_VerifyMapFeature_CameraFeatureInfoPanel_1.2]" name="Scenario: Verification of Camera button on the Info Panel[TS_VerifyMapFeature_CameraFeatureInfoPanel_1.2]" time="0"/>
  <testcase classname="Scenario: Verification of Search Camera feature in Info Panel[TS_VerifyMapFeature_SearchCameraInfoPanel_1.2]" name="Given user navigates to application URL : &quot;http://www.mapsynq.com&quot; application" time="0"/>
  <testcase classname="Scenario: Verification of Search Camera feature in Info Panel[TS_VerifyMapFeature_SearchCameraInfoPanel_1.2]" name="Given I am on mapSYNQ Landing Page" time="0"/>
  <testcase classname="Scenario: Verification of Search Camera feature in Info Panel[TS_VerifyMapFeature_SearchCameraInfoPanel_1.2]" name="When I click on Ad Toggle icon" time="0"/>
  <testcase classname="Scenario: Verification of Search Camera feature in Info Panel[TS_VerifyMapFeature_SearchCameraInfoPanel_1.2]" name="Then I verify Galactio Ad info should not be displayed" time="0"/>
  <testcase classname="Scenario: Verification of Search Camera feature in Info Panel[TS_VerifyMapFeature_SearchCameraInfoPanel_1.2]" name="Then I verify Map should be loaded on page with Incidents selected Default" time="0"/>
  <testcase classname="Scenario: Verification of Search Camera feature in Info Panel[TS_VerifyMapFeature_SearchCameraInfoPanel_1.2]" name="When I click on the &quot;Cameras&quot; icon button on Info Panel" time="0"/>
  <testcase classname="Scenario: Verification of Search Camera feature in Info Panel[TS_VerifyMapFeature_SearchCameraInfoPanel_1.2]" name="Then I verify Singapore Live Traffic Cameras should be displayed" time="0"/>
  <testcase classname="Scenario: Verification of Search Camera feature in Info Panel[TS_VerifyMapFeature_SearchCameraInfoPanel_1.2]" name="When I enter &quot;Adam Road&quot; search textbox on Info Panel" time="0"/>
  <testcase classname="Scenario: Verification of Search Camera feature in Info Panel[TS_VerifyMapFeature_SearchCameraInfoPanel_1.2]" name="Then I verify CameraLink should display by SearchText" time="0"/>
  <testcase classname="Scenario: Verification of Search Camera feature in Info Panel[TS_VerifyMapFeature_SearchCameraInfoPanel_1.2]" name="When I click on &quot;CameraLinks&quot; link in Info Panel" time="0.004"/>
  <testcase classname="Scenario: Verification of Search Camera feature in Info Panel[TS_VerifyMapFeature_SearchCameraInfoPanel_1.2]" name="Then I verify Camera Pop up should be displayed on Map" time="0"/>
  <testcase classname="Scenario: Verification of Search Camera feature in Info Panel[TS_VerifyMapFeature_SearchCameraInfoPanel_1.2]" name="Then I close browser" time="0"/>
  <testcase classname="Scenario: Verification of Search Camera feature in Info Panel[TS_VerifyMapFeature_SearchCameraInfoPanel_1.2]" name="Scenario: Verification of Search Camera feature in Info Panel[TS_VerifyMapFeature_SearchCameraInfoPanel_1.2]" time="0"/>
  <testcase classname="Scenario: Verification of Incidents Map feature between Incidents Info Panel and Map[TS_VerifyMapFeature_ContentsMatching_1.1]" name="Given user navigates to application URL : &quot;http://www.mapsynq.com&quot; application" time="0"/>
  <testcase classname="Scenario: Verification of Incidents Map feature between Incidents Info Panel and Map[TS_VerifyMapFeature_ContentsMatching_1.1]" name="Given I am on mapSYNQ Landing Page" time="0"/>
  <testcase classname="Scenario: Verification of Incidents Map feature between Incidents Info Panel and Map[TS_VerifyMapFeature_ContentsMatching_1.1]" name="When I click on Ad Toggle icon" time="0"/>
  <testcase classname="Scenario: Verification of Incidents Map feature between Incidents Info Panel and Map[TS_VerifyMapFeature_ContentsMatching_1.1]" name="Then I verify Galactio Ad info should not be displayed" time="0"/>
  <testcase classname="Scenario: Verification of Incidents Map feature between Incidents Info Panel and Map[TS_VerifyMapFeature_ContentsMatching_1.1]" name="Then I verify Map should be loaded on page with Incidents selected Default" time="0"/>
  <testcase classname="Scenario: Verification of Incidents Map feature between Incidents Info Panel and Map[TS_VerifyMapFeature_ContentsMatching_1.1]" name="Then I verify News Menu Panel should be displayed" time="0"/>
  <testcase classname="Scenario: Verification of Incidents Map feature between Incidents Info Panel and Map[TS_VerifyMapFeature_ContentsMatching_1.1]" name="When I click on &quot;Incidents&quot; item on Info Panel" time="0"/>
  <testcase classname="Scenario: Verification of Incidents Map feature between Incidents Info Panel and Map[TS_VerifyMapFeature_ContentsMatching_1.1]" name="Then I verify Content Pop up should be displayed on Map" time="0"/>
  <testcase classname="Scenario: Verification of Incidents Map feature between Incidents Info Panel and Map[TS_VerifyMapFeature_ContentsMatching_1.1]" name="Then I verify contents in Info Panel and Content Pop up for &quot;Incidents0&quot; matches" time="0"/>
  <testcase classname="Scenario: Verification of Incidents Map feature between Incidents Info Panel and Map[TS_VerifyMapFeature_ContentsMatching_1.1]" name="When I click on &quot;Accident&quot; item on Info Panel" time="0.001"/>
  <testcase classname="Scenario: Verification of Incidents Map feature between Incidents Info Panel and Map[TS_VerifyMapFeature_ContentsMatching_1.1]" name="Then I verify Content Pop up should be displayed on Map" time="0"/>
  <testcase classname="Scenario: Verification of Incidents Map feature between Incidents Info Panel and Map[TS_VerifyMapFeature_ContentsMatching_1.1]" name="Then I verify contents in Info Panel and Content Pop up for &quot;Incidents1&quot; matches" time="0"/>
  <testcase classname="Scenario: Verification of Incidents Map feature between Incidents Info Panel and Map[TS_VerifyMapFeature_ContentsMatching_1.1]" name="When I click on &quot;HeavyTraffic&quot; item on Info Panel" time="0"/>
  <testcase classname="Scenario: Verification of Incidents Map feature between Incidents Info Panel and Map[TS_VerifyMapFeature_ContentsMatching_1.1]" name="Then I verify Content Pop up should be displayed on Map" time="0"/>
  <testcase classname="Scenario: Verification of Incidents Map feature between Incidents Info Panel and Map[TS_VerifyMapFeature_ContentsMatching_1.1]" name="Then I verify contents in Info Panel and Content Pop up for &quot;Incidents3&quot; matches" time="0"/>
  <testcase classname="Scenario: Verification of Incidents Map feature between Incidents Info Panel and Map[TS_VerifyMapFeature_ContentsMatching_1.1]" name="Then I close browser" time="0"/>
  <testcase classname="Scenario: Verification of Incidents Map feature between Incidents Info Panel and Map[TS_VerifyMapFeature_ContentsMatching_1.1]" name="Scenario: Verification of Incidents Map feature between Incidents Info Panel and Map[TS_VerifyMapFeature_ContentsMatching_1.1]" time="0.001"/>
  <testcase classname="Scenario: Verification of Search Incident Location Info Panel [TS_VerifyMapFeature_SeacrhIncidentInfo_1.2]" name="Given user navigates to application URL : &quot;http://www.mapsynq.com&quot; application" time="0"/>
  <testcase classname="Scenario: Verification of Search Incident Location Info Panel [TS_VerifyMapFeature_SeacrhIncidentInfo_1.2]" name="Given I am on mapSYNQ Landing Page" time="0"/>
  <testcase classname="Scenario: Verification of Search Incident Location Info Panel [TS_VerifyMapFeature_SeacrhIncidentInfo_1.2]" name="When I click on Ad Toggle icon" time="0"/>
  <testcase classname="Scenario: Verification of Search Incident Location Info Panel [TS_VerifyMapFeature_SeacrhIncidentInfo_1.2]" name="Then I verify Galactio Ad info should not be displayed" time="0"/>
  <testcase classname="Scenario: Verification of Search Incident Location Info Panel [TS_VerifyMapFeature_SeacrhIncidentInfo_1.2]" name="Then I verify Map should be loaded on page with Incidents selected Default" time="0"/>
  <testcase classname="Scenario: Verification of Search Incident Location Info Panel [TS_VerifyMapFeature_SeacrhIncidentInfo_1.2]" name="Then I verify News Menu Panel should be displayed" time="0"/>
  <testcase classname="Scenario: Verification of Search Incident Location Info Panel [TS_VerifyMapFeature_SeacrhIncidentInfo_1.2]" name="When I enter &quot;Accident&quot; in Search text box" time="0"/>
  <testcase classname="Scenario: Verification of Search Incident Location Info Panel [TS_VerifyMapFeature_SeacrhIncidentInfo_1.2]" name="Then I verify searched items displayed on News Info Panel" time="0"/>
  <testcase classname="Scenario: Verification of Search Incident Location Info Panel [TS_VerifyMapFeature_SeacrhIncidentInfo_1.2]" name="When I click on &quot;Accident&quot; item on Info Panel" time="0"/>
  <testcase classname="Scenario: Verification of Search Incident Location Info Panel [TS_VerifyMapFeature_SeacrhIncidentInfo_1.2]" name="Then I verify Content Pop up should be displayed on Map" time="0"/>
  <testcase classname="Scenario: Verification of Search Incident Location Info Panel [TS_VerifyMapFeature_SeacrhIncidentInfo_1.2]" name="Then I close browser" time="0"/>
  <testcase classname="Scenario: Verification of Search Incident Location Info Panel [TS_VerifyMapFeature_SeacrhIncidentInfo_1.2]" name="Scenario: Verification of Search Incident Location Info Panel [TS_VerifyMapFeature_SeacrhIncidentInfo_1.2]" time="0"/>
  <testcase classname="Scenario: Verification of Incident icons in Map [TS_VerifyMapFeature_IncidentIcons_1.2]" name="Given user navigates to application URL : &quot;http://www.mapsynq.com&quot; application" time="0"/>
  <testcase classname="Scenario: Verification of Incident icons in Map [TS_VerifyMapFeature_IncidentIcons_1.2]" name="Given I am on mapSYNQ Landing Page" time="0"/>
  <testcase classname="Scenario: Verification of Incident icons in Map [TS_VerifyMapFeature_IncidentIcons_1.2]" name="When I click on Ad Toggle icon" time="0"/>
  <testcase classname="Scenario: Verification of Incident icons in Map [TS_VerifyMapFeature_IncidentIcons_1.2]" name="Then I verify Galactio Ad info should not be displayed" time="0"/>
  <testcase classname="Scenario: Verification of Incident icons in Map [TS_VerifyMapFeature_IncidentIcons_1.2]" name="Then I verify Map should be loaded on page with Incidents selected Default" time="0"/>
  <testcase classname="Scenario: Verification of Incident icons in Map [TS_VerifyMapFeature_IncidentIcons_1.2]" name="Then I click on &quot;Incident&quot; icon image on Map app" time="0"/>
  <testcase classname="Scenario: Verification of Incident icons in Map [TS_VerifyMapFeature_IncidentIcons_1.2]" name="Then I verify Incident details Pop up should be displayed" time="0"/>
  <testcase classname="Scenario: Verification of Incident icons in Map [TS_VerifyMapFeature_IncidentIcons_1.2]" name="When I click on &quot;IncidentsLink&quot; link on Incident details Pop up" time="0"/>
  <testcase classname="Scenario: Verification of Incident icons in Map [TS_VerifyMapFeature_IncidentIcons_1.2]" name="Then I verify Incident details Content Pop up should be displayed" time="0"/>
  <testcase classname="Scenario: Verification of Incident icons in Map [TS_VerifyMapFeature_IncidentIcons_1.2]" name="Then I click on &quot;Incident&quot; icon image on Map app" time="0"/>
  <testcase classname="Scenario: Verification of Incident icons in Map [TS_VerifyMapFeature_IncidentIcons_1.2]" name="When I click on &quot;Zoomin&quot; link on Incident details Pop up" time="0"/>
  <testcase classname="Scenario: Verification of Incident icons in Map [TS_VerifyMapFeature_IncidentIcons_1.2]" name="Then I verify map should be zoomed with Incident Details Content Pop up" time="0"/>
  <testcase classname="Scenario: Verification of Incident icons in Map [TS_VerifyMapFeature_IncidentIcons_1.2]" name="Then I close browser" time="0"/>
  <testcase classname="Scenario: Verification of Incident icons in Map [TS_VerifyMapFeature_IncidentIcons_1.2]" name="Scenario: Verification of Incident icons in Map [TS_VerifyMapFeature_IncidentIcons_1.2]" time="0"/>
  <testcase classname="Scenario: Verification of Traffic Parking Map Feature[TS_VerifyMapFeature_TrafficParkingMap_1.1]" name="Given user navigates to application URL : &quot;http://www.mapsynq.com&quot; application" time="0"/>
  <testcase classname="Scenario: Verification of Traffic Parking Map Feature[TS_VerifyMapFeature_TrafficParkingMap_1.1]" name="Given I am on mapSYNQ Landing Page" time="0"/>
  <testcase classname="Scenario: Verification of Traffic Parking Map Feature[TS_VerifyMapFeature_TrafficParkingMap_1.1]" name="When I click on Ad Toggle icon" time="0"/>
  <testcase classname="Scenario: Verification of Traffic Parking Map Feature[TS_VerifyMapFeature_TrafficParkingMap_1.1]" name="Then I verify Galactio Ad info should not be displayed" time="0"/>
  <testcase classname="Scenario: Verification of Traffic Parking Map Feature[TS_VerifyMapFeature_TrafficParkingMap_1.1]" name="Then I verify Map should be loaded on page with Incidents selected Default" time="0"/>
  <testcase classname="Scenario: Verification of Traffic Parking Map Feature[TS_VerifyMapFeature_TrafficParkingMap_1.1]" name="Then I click on &quot;Incidents&quot; icon button on Map app" time="0.004"/>
  <testcase classname="Scenario: Verification of Traffic Parking Map Feature[TS_VerifyMapFeature_TrafficParkingMap_1.1]" name="Then I click on the &quot;Parking&quot; icon button on Map app" time="0"/>
  <testcase classname="Scenario: Verification of Traffic Parking Map Feature[TS_VerifyMapFeature_TrafficParkingMap_1.1]" name="Then I verify Parking Slots icon should be displayed" time="0"/>
  <testcase classname="Scenario: Verification of Traffic Parking Map Feature[TS_VerifyMapFeature_TrafficParkingMap_1.1]" name="When I click on the &quot;ParkingSlots&quot; icon button on Map app" time="0">
    <error message="Expected condition failed: waiting for element to be clickable: [[ChromeDriver: chrome on WINDOWS (347417b9c52338de9c5bd0f3eb67e017)] -&gt; xpath: //*[local-name()=&apos;svg&apos;]//*[local-name()=&apos;g&apos; and @id=&apos;OpenLayers.Layer.Vector_666_vroot&apos;]//*[local-name()=&apos;image&apos; and @id=&apos;OpenLayers.Geometry.Point_728&apos;]] (tried for 150 second(s) with 500 milliseconds interval)
Build info: version: &apos;3.141.59&apos;, revision: &apos;e82be7d358&apos;, time: &apos;2018-11-14T08:17:03&apos;
System info: host: &apos;DESKTOP-FBHI1RA&apos;, ip: &apos;192.168.1.87&apos;, os.name: &apos;Windows 8.1&apos;, os.arch: &apos;amd64&apos;, os.version: &apos;6.3&apos;, java.version: &apos;1.8.0_05&apos;
Driver info: org.openqa.selenium.chrome.ChromeDriver
Capabilities {acceptInsecureCerts: false, browserName: chrome, browserVersion: 80.0.3987.122, chrome: {chromedriverVersion: 80.0.3987.106 (f68069574609..., userDataDir: C:\Users\ASUS\AppData\Local...}, goog:chromeOptions: {debuggerAddress: localhost:49217}, javascriptEnabled: true, networkConnectionEnabled: false, pageLoadStrategy: normal, platform: WINDOWS, platformName: WINDOWS, proxy: Proxy(), setWindowRect: true, strictFileInteractability: false, timeouts: {implicit: 0, pageLoad: 300000, script: 30000}, unhandledPromptBehavior: dismiss and notify}
Session ID: 347417b9c52338de9c5bd0f3eb67e017" type="org.openqa.selenium.TimeoutException">org.openqa.selenium.TimeoutException: Expected condition failed: waiting for element to be clickable: [[ChromeDriver: chrome on WINDOWS (347417b9c52338de9c5bd0f3eb67e017)] -&gt; xpath: //*[local-name()=&apos;svg&apos;]//*[local-name()=&apos;g&apos; and @id=&apos;OpenLayers.Layer.Vector_666_vroot&apos;]//*[local-name()=&apos;image&apos; and @id=&apos;OpenLayers.Geometry.Point_728&apos;]] (tried for 150 second(s) with 500 milliseconds interval)
Build info: version: &apos;3.141.59&apos;, revision: &apos;e82be7d358&apos;, time: &apos;2018-11-14T08:17:03&apos;
System info: host: &apos;DESKTOP-FBHI1RA&apos;, ip: &apos;192.168.1.87&apos;, os.name: &apos;Windows 8.1&apos;, os.arch: &apos;amd64&apos;, os.version: &apos;6.3&apos;, java.version: &apos;1.8.0_05&apos;
Driver info: org.openqa.selenium.chrome.ChromeDriver
Capabilities {acceptInsecureCerts: false, browserName: chrome, browserVersion: 80.0.3987.122, chrome: {chromedriverVersion: 80.0.3987.106 (f68069574609..., userDataDir: C:\Users\ASUS\AppData\Local...}, goog:chromeOptions: {debuggerAddress: localhost:49217}, javascriptEnabled: true, networkConnectionEnabled: false, pageLoadStrategy: normal, platform: WINDOWS, platformName: WINDOWS, proxy: Proxy(), setWindowRect: true, strictFileInteractability: false, timeouts: {implicit: 0, pageLoad: 300000, script: 30000}, unhandledPromptBehavior: dismiss and notify}
Session ID: 347417b9c52338de9c5bd0f3eb67e017
	at org.openqa.selenium.support.ui.WebDriverWait.timeoutException(WebDriverWait.java:95)
	at org.openqa.selenium.support.ui.FluentWait.until(FluentWait.java:272)
	at com.livetraffic.app.page.functions.MapSYNQVerifyTrafficParkingPageObject.clickIconsParking(MapSYNQVerifyTrafficParkingPageObject.java:72)
	at com.livetraffic.app.stepdefinition.MapSYNQVerifyTrafficParkingStep.i_click_on_the_icon_button_on_Map_app(MapSYNQVerifyTrafficParkingStep.java:57)
	at ✽.When I click on the &quot;ParkingSlots&quot; icon button on Map app(feature_files_list/mapSYNQVerifyTrafficParking_6.feature:15)
</error>
  </testcase>
  <testcase classname="Scenario: Verification of Traffic Parking Map Feature[TS_VerifyMapFeature_TrafficParkingMap_1.1]" name="Scenario: Verification of Traffic Parking Map Feature[TS_VerifyMapFeature_TrafficParkingMap_1.1]" time="0">
    <error message="Expected condition failed: waiting for element to be clickable: [[ChromeDriver: chrome on WINDOWS (347417b9c52338de9c5bd0f3eb67e017)] -&gt; xpath: //*[local-name()=&apos;svg&apos;]//*[local-name()=&apos;g&apos; and @id=&apos;OpenLayers.Layer.Vector_666_vroot&apos;]//*[local-name()=&apos;image&apos; and @id=&apos;OpenLayers.Geometry.Point_728&apos;]] (tried for 150 second(s) with 500 milliseconds interval)
Build info: version: &apos;3.141.59&apos;, revision: &apos;e82be7d358&apos;, time: &apos;2018-11-14T08:17:03&apos;
System info: host: &apos;DESKTOP-FBHI1RA&apos;, ip: &apos;192.168.1.87&apos;, os.name: &apos;Windows 8.1&apos;, os.arch: &apos;amd64&apos;, os.version: &apos;6.3&apos;, java.version: &apos;1.8.0_05&apos;
Driver info: org.openqa.selenium.chrome.ChromeDriver
Capabilities {acceptInsecureCerts: false, browserName: chrome, browserVersion: 80.0.3987.122, chrome: {chromedriverVersion: 80.0.3987.106 (f68069574609..., userDataDir: C:\Users\ASUS\AppData\Local...}, goog:chromeOptions: {debuggerAddress: localhost:49217}, javascriptEnabled: true, networkConnectionEnabled: false, pageLoadStrategy: normal, platform: WINDOWS, platformName: WINDOWS, proxy: Proxy(), setWindowRect: true, strictFileInteractability: false, timeouts: {implicit: 0, pageLoad: 300000, script: 30000}, unhandledPromptBehavior: dismiss and notify}
Session ID: 347417b9c52338de9c5bd0f3eb67e017" type="org.openqa.selenium.TimeoutException">org.openqa.selenium.TimeoutException: Expected condition failed: waiting for element to be clickable: [[ChromeDriver: chrome on WINDOWS (347417b9c52338de9c5bd0f3eb67e017)] -&gt; xpath: //*[local-name()=&apos;svg&apos;]//*[local-name()=&apos;g&apos; and @id=&apos;OpenLayers.Layer.Vector_666_vroot&apos;]//*[local-name()=&apos;image&apos; and @id=&apos;OpenLayers.Geometry.Point_728&apos;]] (tried for 150 second(s) with 500 milliseconds interval)
Build info: version: &apos;3.141.59&apos;, revision: &apos;e82be7d358&apos;, time: &apos;2018-11-14T08:17:03&apos;
System info: host: &apos;DESKTOP-FBHI1RA&apos;, ip: &apos;192.168.1.87&apos;, os.name: &apos;Windows 8.1&apos;, os.arch: &apos;amd64&apos;, os.version: &apos;6.3&apos;, java.version: &apos;1.8.0_05&apos;
Driver info: org.openqa.selenium.chrome.ChromeDriver
Capabilities {acceptInsecureCerts: false, browserName: chrome, browserVersion: 80.0.3987.122, chrome: {chromedriverVersion: 80.0.3987.106 (f68069574609..., userDataDir: C:\Users\ASUS\AppData\Local...}, goog:chromeOptions: {debuggerAddress: localhost:49217}, javascriptEnabled: true, networkConnectionEnabled: false, pageLoadStrategy: normal, platform: WINDOWS, platformName: WINDOWS, proxy: Proxy(), setWindowRect: true, strictFileInteractability: false, timeouts: {implicit: 0, pageLoad: 300000, script: 30000}, unhandledPromptBehavior: dismiss and notify}
Session ID: 347417b9c52338de9c5bd0f3eb67e017
	at org.openqa.selenium.support.ui.WebDriverWait.timeoutException(WebDriverWait.java:95)
	at org.openqa.selenium.support.ui.FluentWait.until(FluentWait.java:272)
	at com.livetraffic.app.page.functions.MapSYNQVerifyTrafficParkingPageObject.clickIconsParking(MapSYNQVerifyTrafficParkingPageObject.java:72)
	at com.livetraffic.app.stepdefinition.MapSYNQVerifyTrafficParkingStep.i_click_on_the_icon_button_on_Map_app(MapSYNQVerifyTrafficParkingStep.java:57)
	at ✽.When I click on the &quot;ParkingSlots&quot; icon button on Map app(feature_files_list/mapSYNQVerifyTrafficParking_6.feature:15)
</error>
  </testcase>
  <testcase classname="Scenario: Verification of Traffic Parking Map Feature[TS_VerifyMapFeature_TrafficParkingMap_1.1]" name="Then I verify content info pop up should be displayed" time="0">
    <skipped/>
  </testcase>
  <testcase classname="Scenario: Verification of Traffic Parking Map Feature[TS_VerifyMapFeature_TrafficParkingMap_1.1]" name="When I click on &quot;Zoomin&quot; link on Content Pop up" time="0">
    <skipped/>
  </testcase>
  <testcase classname="Scenario: Verification of Traffic Parking Map Feature[TS_VerifyMapFeature_TrafficParkingMap_1.1]" name="Then I verify Map should be zoomed and show Parking Slots Icons displayed" time="0">
    <skipped/>
  </testcase>
  <testcase classname="Scenario: Verification of Traffic Parking Map Feature[TS_VerifyMapFeature_TrafficParkingMap_1.1]" name="When I click on the &quot;ParkingIcon&quot; icon button on Map app" time="0">
    <skipped/>
  </testcase>
  <testcase classname="Scenario: Verification of Traffic Parking Map Feature[TS_VerifyMapFeature_TrafficParkingMap_1.1]" name="Then I verify content info pop up should be displayed" time="0">
    <skipped/>
  </testcase>
  <testcase classname="Scenario: Verification of Traffic Parking Map Feature[TS_VerifyMapFeature_TrafficParkingMap_1.1]" name="Then I close browser" time="0">
    <skipped/>
  </testcase>
  <testcase classname="Scenario: Verification of Traffic Map feature [TS_VerifyMapFeature_Traffic_1.1]" name="Given user navigates to application URL : &quot;http://www.mapsynq.com&quot; application" time="0"/>
  <testcase classname="Scenario: Verification of Traffic Map feature [TS_VerifyMapFeature_Traffic_1.1]" name="Given I am on mapSYNQ Landing Page" time="0"/>
  <testcase classname="Scenario: Verification of Traffic Map feature [TS_VerifyMapFeature_Traffic_1.1]" name="When I click on Ad Toggle icon" time="0"/>
  <testcase classname="Scenario: Verification of Traffic Map feature [TS_VerifyMapFeature_Traffic_1.1]" name="Then I verify Galactio Ad info should not be displayed" time="0"/>
  <testcase classname="Scenario: Verification of Traffic Map feature [TS_VerifyMapFeature_Traffic_1.1]" name="Then I verify Map should be loaded on page with Incidents selected Default" time="0"/>
  <testcase classname="Scenario: Verification of Traffic Map feature [TS_VerifyMapFeature_Traffic_1.1]" name="Then I click on &quot;Incidents&quot; icon button on Map app" time="0"/>
  <testcase classname="Scenario: Verification of Traffic Map feature [TS_VerifyMapFeature_Traffic_1.1]" name="Then I click on &quot;Directions&quot; icon button on Map app" time="0"/>
  <testcase classname="Scenario: Verification of Traffic Map feature [TS_VerifyMapFeature_Traffic_1.1]" name="Then I verify Info Panel should be displayed" time="0"/>
  <testcase classname="Scenario: Verification of Traffic Map feature [TS_VerifyMapFeature_Traffic_1.1]" name="When I click on &quot;Traffic&quot; icon button on Map app" time="0"/>
  <testcase classname="Scenario: Verification of Traffic Map feature [TS_VerifyMapFeature_Traffic_1.1]" name="Then I verify Live Traffic Panel should be displayed" time="0.004"/>
  <testcase classname="Scenario: Verification of Traffic Map feature [TS_VerifyMapFeature_Traffic_1.1]" name="When I right click on Map to select &quot;Set As Current Location&quot; from context Menu" time="0"/>
  <testcase classname="Scenario: Verification of Traffic Map feature [TS_VerifyMapFeature_Traffic_1.1]" name="Then I verify Icon for current location should be displayed" time="0"/>
  <testcase classname="Scenario: Verification of Traffic Map feature [TS_VerifyMapFeature_Traffic_1.1]" name="When I click on &quot;CurrentLocation&quot; icon button on Map app" time="0"/>
  <testcase classname="Scenario: Verification of Traffic Map feature [TS_VerifyMapFeature_Traffic_1.1]" name="Then I verify Current Location details Pop up should be displayed" time="0"/>
  <testcase classname="Scenario: Verification of Traffic Map feature [TS_VerifyMapFeature_Traffic_1.1]" name="When I click on &quot;FromHere&quot; link on Current Location details Pop up" time="0"/>
  <testcase classname="Scenario: Verification of Traffic Map feature [TS_VerifyMapFeature_Traffic_1.1]" name="Then I verify Current Location field on Directions Input screen populated" time="0"/>
  <testcase classname="Scenario: Verification of Traffic Map feature [TS_VerifyMapFeature_Traffic_1.1]" name="When I click on &quot;ToHere&quot; link on Current Location details Pop up" time="0"/>
  <testcase classname="Scenario: Verification of Traffic Map feature [TS_VerifyMapFeature_Traffic_1.1]" name="Then I verify To Location field on Directions Input screen populated" time="0"/>
  <testcase classname="Scenario: Verification of Traffic Map feature [TS_VerifyMapFeature_Traffic_1.1]" name="When I click on &quot;Zoomin&quot; link on Current Location details Pop up" time="0"/>
  <testcase classname="Scenario: Verification of Traffic Map feature [TS_VerifyMapFeature_Traffic_1.1]" name="When I click on &quot;StreetView&quot; link on Current Location details Pop up" time="0"/>
  <testcase classname="Scenario: Verification of Traffic Map feature [TS_VerifyMapFeature_Traffic_1.1]" name="Then I verify Street View should be displayed" time="0"/>
  <testcase classname="Scenario: Verification of Traffic Map feature [TS_VerifyMapFeature_Traffic_1.1]" name="When I click on &quot;Calendar&quot; link on Current Location details Pop up" time="0"/>
  <testcase classname="Scenario: Verification of Traffic Map feature [TS_VerifyMapFeature_Traffic_1.1]" name="Then I verify Pop up should be displayed on Directions Input screen" time="0"/>
  <testcase classname="Scenario: Verification of Traffic Map feature [TS_VerifyMapFeature_Traffic_1.1]" name="When I click on &quot;Places&quot; link on Current Location details Pop up" time="0"/>
  <testcase classname="Scenario: Verification of Traffic Map feature [TS_VerifyMapFeature_Traffic_1.1]" name="Then I verify Pop up should be displayed on Directions Input screen" time="0"/>
  <testcase classname="Scenario: Verification of Traffic Map feature [TS_VerifyMapFeature_Traffic_1.1]" name="When I click on &quot;Close&quot; link on Current Location details Pop up" time="0"/>
  <testcase classname="Scenario: Verification of Traffic Map feature [TS_VerifyMapFeature_Traffic_1.1]" name="Then I verify Current Location details Pop up should not be displayed" time="0"/>
  <testcase classname="Scenario: Verification of Traffic Map feature [TS_VerifyMapFeature_Traffic_1.1]" name="When I right click on Map to select &quot;Reset Current Location&quot; from context Menu" time="0"/>
  <testcase classname="Scenario: Verification of Traffic Map feature [TS_VerifyMapFeature_Traffic_1.1]" name="Then I verify Icon for current location should not be displayed" time="0"/>
  <testcase classname="Scenario: Verification of Traffic Map feature [TS_VerifyMapFeature_Traffic_1.1]" name="Then I close browser" time="0"/>
  <testcase classname="Scenario: Verification of Traffic Map feature [TS_VerifyMapFeature_Traffic_1.1]" name="Scenario: Verification of Traffic Map feature [TS_VerifyMapFeature_Traffic_1.1]" time="0"/>
  <testcase classname="Scenario: Verification of Tolls feature in Traffic Map App[TS_VerifyMapFeature_TollsFeature_1.1]" name="Given user navigates to application URL : &quot;http://www.mapsynq.com&quot; application" time="0"/>
  <testcase classname="Scenario: Verification of Tolls feature in Traffic Map App[TS_VerifyMapFeature_TollsFeature_1.1]" name="Given I am on mapSYNQ Landing Page" time="0.008"/>
  <testcase classname="Scenario: Verification of Tolls feature in Traffic Map App[TS_VerifyMapFeature_TollsFeature_1.1]" name="When I click on Ad Toggle icon" time="0"/>
  <testcase classname="Scenario: Verification of Tolls feature in Traffic Map App[TS_VerifyMapFeature_TollsFeature_1.1]" name="Then I verify Galactio Ad info should not be displayed" time="0"/>
  <testcase classname="Scenario: Verification of Tolls feature in Traffic Map App[TS_VerifyMapFeature_TollsFeature_1.1]" name="Then I verify Map should be loaded on page with Incidents selected Default" time="0"/>
  <testcase classname="Scenario: Verification of Tolls feature in Traffic Map App[TS_VerifyMapFeature_TollsFeature_1.1]" name="Then I click on &quot;Incidents&quot; icon button on Map app" time="0"/>
  <testcase classname="Scenario: Verification of Tolls feature in Traffic Map App[TS_VerifyMapFeature_TollsFeature_1.1]" name="When I click on the &quot;Tolls&quot; icon button displayed on Map app" time="0"/>
  <testcase classname="Scenario: Verification of Tolls feature in Traffic Map App[TS_VerifyMapFeature_TollsFeature_1.1]" name="Then I verify toll icons should be loaded in map" time="0"/>
  <testcase classname="Scenario: Verification of Tolls feature in Traffic Map App[TS_VerifyMapFeature_TollsFeature_1.1]" name="Then I click on the &quot;Tolls&quot; icon image displayed on Map app" time="0"/>
  <testcase classname="Scenario: Verification of Tolls feature in Traffic Map App[TS_VerifyMapFeature_TollsFeature_1.1]" name="Then I verify Tolls Pop up should be displayed on Map" time="0"/>
  <testcase classname="Scenario: Verification of Tolls feature in Traffic Map App[TS_VerifyMapFeature_TollsFeature_1.1]" name="Then I close browser" time="0"/>
  <testcase classname="Scenario: Verification of Tolls feature in Traffic Map App[TS_VerifyMapFeature_TollsFeature_1.1]" name="Scenario: Verification of Tolls feature in Traffic Map App[TS_VerifyMapFeature_TollsFeature_1.1]" time="0"/>
  <testcase classname="Scenario: Verification of Tolls button on the Info Panel[TS_VerifyMapFeature_TollsFeatureInfoPanel_1.2]" name="Given user navigates to application URL : &quot;http://www.mapsynq.com&quot; application" time="0"/>
  <testcase classname="Scenario: Verification of Tolls button on the Info Panel[TS_VerifyMapFeature_TollsFeatureInfoPanel_1.2]" name="Given I am on mapSYNQ Landing Page" time="0"/>
  <testcase classname="Scenario: Verification of Tolls button on the Info Panel[TS_VerifyMapFeature_TollsFeatureInfoPanel_1.2]" name="When I click on Ad Toggle icon" time="0"/>
  <testcase classname="Scenario: Verification of Tolls button on the Info Panel[TS_VerifyMapFeature_TollsFeatureInfoPanel_1.2]" name="Then I verify Galactio Ad info should not be displayed" time="0"/>
  <testcase classname="Scenario: Verification of Tolls button on the Info Panel[TS_VerifyMapFeature_TollsFeatureInfoPanel_1.2]" name="Then I verify Map should be loaded on page with Incidents selected Default" time="0"/>
  <testcase classname="Scenario: Verification of Tolls button on the Info Panel[TS_VerifyMapFeature_TollsFeatureInfoPanel_1.2]" name="Then I click on &quot;Incidents&quot; icon button on Map app" time="0"/>
  <testcase classname="Scenario: Verification of Tolls button on the Info Panel[TS_VerifyMapFeature_TollsFeatureInfoPanel_1.2]" name="When I click on the &quot;Tolls&quot; icon button displayed on Info Panel" time="0"/>
  <testcase classname="Scenario: Verification of Tolls button on the Info Panel[TS_VerifyMapFeature_TollsFeatureInfoPanel_1.2]" name="Then I verify Singapore Tolls should be displayed" time="0"/>
  <testcase classname="Scenario: Verification of Tolls button on the Info Panel[TS_VerifyMapFeature_TollsFeatureInfoPanel_1.2]" name="When I click on &quot;TollsLink&quot; link displayed in Info Panel" time="0"/>
  <testcase classname="Scenario: Verification of Tolls button on the Info Panel[TS_VerifyMapFeature_TollsFeatureInfoPanel_1.2]" name="Then I verify Tolls Pop up should be displayed on Map" time="0"/>
  <testcase classname="Scenario: Verification of Tolls button on the Info Panel[TS_VerifyMapFeature_TollsFeatureInfoPanel_1.2]" name="Then I close browser" time="0"/>
  <testcase classname="Scenario: Verification of Tolls button on the Info Panel[TS_VerifyMapFeature_TollsFeatureInfoPanel_1.2]" name="Scenario: Verification of Tolls button on the Info Panel[TS_VerifyMapFeature_TollsFeatureInfoPanel_1.2]" time="0"/>
  <testcase classname="Scenario: Verification of Search Tolls feature in Info Panel[TS_VerifyMapFeature_SearchTollsInfoPanel_1.2]" name="Given user navigates to application URL : &quot;http://www.mapsynq.com&quot; application" time="0"/>
  <testcase classname="Scenario: Verification of Search Tolls feature in Info Panel[TS_VerifyMapFeature_SearchTollsInfoPanel_1.2]" name="Given I am on mapSYNQ Landing Page" time="0"/>
  <testcase classname="Scenario: Verification of Search Tolls feature in Info Panel[TS_VerifyMapFeature_SearchTollsInfoPanel_1.2]" name="When I click on Ad Toggle icon" time="0"/>
  <testcase classname="Scenario: Verification of Search Tolls feature in Info Panel[TS_VerifyMapFeature_SearchTollsInfoPanel_1.2]" name="Then I verify Galactio Ad info should not be displayed" time="0"/>
  <testcase classname="Scenario: Verification of Search Tolls feature in Info Panel[TS_VerifyMapFeature_SearchTollsInfoPanel_1.2]" name="Then I verify Map should be loaded on page with Incidents selected Default" time="0"/>
  <testcase classname="Scenario: Verification of Search Tolls feature in Info Panel[TS_VerifyMapFeature_SearchTollsInfoPanel_1.2]" name="When I click on the &quot;Tolls&quot; icon button displayed on Info Panel" time="0"/>
  <testcase classname="Scenario: Verification of Search Tolls feature in Info Panel[TS_VerifyMapFeature_SearchTollsInfoPanel_1.2]" name="Then I verify Singapore Tolls should be displayed" time="0"/>
  <testcase classname="Scenario: Verification of Search Tolls feature in Info Panel[TS_VerifyMapFeature_SearchTollsInfoPanel_1.2]" name="When I enter &quot;Anson Road&quot; tolls search textbox on Info Panel" time="0"/>
  <testcase classname="Scenario: Verification of Search Tolls feature in Info Panel[TS_VerifyMapFeature_SearchTollsInfoPanel_1.2]" name="Then I verify the TollLink should display by SearchText" time="0"/>
  <testcase classname="Scenario: Verification of Search Tolls feature in Info Panel[TS_VerifyMapFeature_SearchTollsInfoPanel_1.2]" name="When I click on &quot;TollsLink&quot; link displayed in Info Panel" time="0"/>
  <testcase classname="Scenario: Verification of Search Tolls feature in Info Panel[TS_VerifyMapFeature_SearchTollsInfoPanel_1.2]" name="Then I verify Tolls Pop up should be displayed on Map" time="0"/>
  <testcase classname="Scenario: Verification of Search Tolls feature in Info Panel[TS_VerifyMapFeature_SearchTollsInfoPanel_1.2]" name="Then I close browser" time="0"/>
  <testcase classname="Scenario: Verification of Search Tolls feature in Info Panel[TS_VerifyMapFeature_SearchTollsInfoPanel_1.2]" name="Scenario: Verification of Search Tolls feature in Info Panel[TS_VerifyMapFeature_SearchTollsInfoPanel_1.2]" time="0"/>
</testsuite>